2025-06-12 20:09:12,170 Worker rq:worker:05501654364840fe94cdf637df2ace29 started with PID 50390, version 1.15.1
2025-06-12 20:09:12,170 Subscribing to channel rq:pubsub:05501654364840fe94cdf637df2ace29
2025-06-12 20:09:12,171 *** Listening on home-ngr-invoice-bench:short, home-ngr-invoice-bench:default, home-ngr-invoice-bench:long...
2025-06-12 20:09:12,172 Cleaning registries for queue: home-ngr-invoice-bench:short
2025-06-12 20:09:12,173 Cleaning registries for queue: home-ngr-invoice-bench:default
2025-06-12 20:09:12,174 Cleaning registries for queue: home-ngr-invoice-bench:long
2025-06-12 20:09:56,260 Worker 05501654364840fe94cdf637df2ace29 [PID 50390]: warm shut down requested
2025-06-12 20:10:25,940 Worker rq:worker:f5b28b71589c4d7c9089a699f3bbef57 started with PID 50552, version 1.15.1
2025-06-12 20:10:25,940 Subscribing to channel rq:pubsub:f5b28b71589c4d7c9089a699f3bbef57
2025-06-12 20:10:25,941 *** Listening on home-ngr-invoice-bench:short, home-ngr-invoice-bench:default, home-ngr-invoice-bench:long...
2025-06-12 20:14:00,665 home-ngr-invoice-bench:default: frappe.utils.background_jobs.execute_job(event=None, is_async=True, job_name='frappe.core.doctype.user.user.create_contact', kwargs={'user': <User: sankuramsodhi23@navgurukul.org>, 'ignore_mandatory': True}, method='frappe.core.doctype.user.user.create_contact', site='invoice.local', user='Administrator') (invoice.local::0921484e-4ded-4f04-a4ad-820f8b8e326a)
2025-06-12 20:14:01,479 home-ngr-invoice-bench:default: Job OK (invoice.local::0921484e-4ded-4f04-a4ad-820f8b8e326a)
2025-06-12 20:14:01,479 Result is kept for 600 seconds
2025-06-12 20:14:01,486 home-ngr-invoice-bench:default: frappe.utils.background_jobs.execute_job(event=None, is_async=True, job_name='frappe.core.doctype.user.user.update_gravatar', kwargs={'name': 'sankuramsodhi23@navgurukul.org'}, method='frappe.core.doctype.user.user.update_gravatar', site='invoice.local', user='Administrator') (invoice.local::2b6d6c4a-0c34-4368-862e-539d96debcea)
2025-06-12 20:14:01,704 home-ngr-invoice-bench:default: Job OK (invoice.local::2b6d6c4a-0c34-4368-862e-539d96debcea)
2025-06-12 20:14:01,704 Result is kept for 600 seconds
2025-06-12 20:14:02,428 home-ngr-invoice-bench:default: frappe.utils.background_jobs.execute_job(event=None, is_async=True, job_name='erpnext.setup.demo.setup_demo_data', kwargs={}, method=<function setup_demo_data at 0x77041739f560>, site='invoice.local', user='sankuramsodhi23@navgurukul.org') (invoice.local::267c589e-b242-47ee-b4fa-1a1a83caa6b7)
2025-06-12 20:14:15,993 home-ngr-invoice-bench:default: Job OK (invoice.local::267c589e-b242-47ee-b4fa-1a1a83caa6b7)
2025-06-12 20:14:15,994 Result is kept for 600 seconds
2025-06-12 20:14:26,604 home-ngr-invoice-bench:default: frappe.utils.background_jobs.execute_job(event=None, is_async=True, job_name='frappe.core.doctype.scheduled_job_type.scheduled_job_type.run_scheduled_jo..., kwargs={'job_type': 'frappe.email.doctype.email_account.email_account.pull'}, method='frappe.core.doctype.scheduled_job_type.scheduled_job_type.run_scheduled_jo..., site='invoice.local', user='Administrator') (invoice.local::scheduled_job::frappe.email.doctype.email_account.email_account.pull)
2025-06-12 20:14:27,142 home-ngr-invoice-bench:default: Job OK (invoice.local::scheduled_job::frappe.email.doctype.email_account.email_account.pull)
2025-06-12 20:14:27,142 Result is kept for 600 seconds
2025-06-12 20:14:27,150 home-ngr-invoice-bench:default: frappe.utils.background_jobs.execute_job(event=None, is_async=True, job_name='frappe.core.doctype.scheduled_job_type.scheduled_job_type.run_scheduled_jo..., kwargs={'job_type': 'frappe.email.queue.flush'}, method='frappe.core.doctype.scheduled_job_type.scheduled_job_type.run_scheduled_jo..., site='invoice.local', user='Administrator') (invoice.local::scheduled_job::frappe.email.queue.flush)
2025-06-12 20:14:27,515 home-ngr-invoice-bench:default: Job OK (invoice.local::scheduled_job::frappe.email.queue.flush)
2025-06-12 20:14:27,516 Result is kept for 600 seconds
2025-06-12 20:14:27,531 home-ngr-invoice-bench:default: frappe.utils.background_jobs.execute_job(event=None, is_async=True, job_name='frappe.core.doctype.scheduled_job_type.scheduled_job_type.run_scheduled_jo..., kwargs={'job_type': 'frappe.integrations.doctype.google_calendar.google_calendar.s..., method='frappe.core.doctype.scheduled_job_type.scheduled_job_type.run_scheduled_jo..., site='invoice.local', user='Administrator') (invoice.local::scheduled_job::frappe.integrations.doctype.google_calendar.google_calendar.sync)
2025-06-12 20:14:27,998 home-ngr-invoice-bench:default: Job OK (invoice.local::scheduled_job::frappe.integrations.doctype.google_calendar.google_calendar.sync)
2025-06-12 20:14:27,999 Result is kept for 600 seconds
2025-06-12 20:14:28,006 home-ngr-invoice-bench:default: frappe.utils.background_jobs.execute_job(event=None, is_async=True, job_name='frappe.core.doctype.scheduled_job_type.scheduled_job_type.run_scheduled_jo..., kwargs={'job_type': 'frappe.monitor.flush'}, method='frappe.core.doctype.scheduled_job_type.scheduled_job_type.run_scheduled_jo..., site='invoice.local', user='Administrator') (invoice.local::scheduled_job::frappe.monitor.flush)
2025-06-12 20:14:28,196 home-ngr-invoice-bench:default: Job OK (invoice.local::scheduled_job::frappe.monitor.flush)
2025-06-12 20:14:28,196 Result is kept for 600 seconds
2025-06-12 20:15:26,774 home-ngr-invoice-bench:default: frappe.utils.background_jobs.execute_job(event=None, is_async=True, job_name='frappe.core.doctype.scheduled_job_type.scheduled_job_type.run_scheduled_jo..., kwargs={'job_type': 'frappe.automation.doctype.reminder.reminder.send_reminders'}, method='frappe.core.doctype.scheduled_job_type.scheduled_job_type.run_scheduled_jo..., site='invoice.local', user='Administrator') (invoice.local::scheduled_job::frappe.automation.doctype.reminder.reminder.send_reminders)
2025-06-12 20:15:27,155 home-ngr-invoice-bench:default: Job OK (invoice.local::scheduled_job::frappe.automation.doctype.reminder.reminder.send_reminders)
2025-06-12 20:15:27,155 Result is kept for 600 seconds
2025-06-12 20:15:27,162 home-ngr-invoice-bench:default: frappe.utils.background_jobs.execute_job(event=None, is_async=True, job_name='frappe.core.doctype.scheduled_job_type.scheduled_job_type.run_scheduled_jo..., kwargs={'job_type': 'erpnext.manufacturing.doctype.bom_update_log.bom_update_log.r..., method='frappe.core.doctype.scheduled_job_type.scheduled_job_type.run_scheduled_jo..., site='invoice.local', user='Administrator') (invoice.local::scheduled_job::erpnext.manufacturing.doctype.bom_update_log.bom_update_log.resume_bom_cost_update_jobs)
2025-06-12 20:15:27,403 home-ngr-invoice-bench:default: Job OK (invoice.local::scheduled_job::erpnext.manufacturing.doctype.bom_update_log.bom_update_log.resume_bom_cost_update_jobs)
2025-06-12 20:15:27,403 Result is kept for 600 seconds
2025-06-12 20:15:27,411 home-ngr-invoice-bench:default: frappe.utils.background_jobs.execute_job(event=None, is_async=True, job_name='frappe.core.doctype.scheduled_job_type.scheduled_job_type.run_scheduled_jo..., kwargs={'job_type': 'frappe.email.doctype.email_account.email_account.notify_unrep..., method='frappe.core.doctype.scheduled_job_type.scheduled_job_type.run_scheduled_jo..., site='invoice.local', user='Administrator') (invoice.local::scheduled_job::frappe.email.doctype.email_account.email_account.notify_unreplied)
2025-06-12 20:15:27,659 home-ngr-invoice-bench:default: Job OK (invoice.local::scheduled_job::frappe.email.doctype.email_account.email_account.notify_unreplied)
2025-06-12 20:15:27,659 Result is kept for 600 seconds
2025-06-12 20:15:27,665 home-ngr-invoice-bench:default: frappe.utils.background_jobs.execute_job(event=None, is_async=True, job_name='frappe.core.doctype.scheduled_job_type.scheduled_job_type.run_scheduled_jo..., kwargs={'job_type': 'frappe.deferred_insert.save_to_db'}, method='frappe.core.doctype.scheduled_job_type.scheduled_job_type.run_scheduled_jo..., site='invoice.local', user='Administrator') (invoice.local::scheduled_job::frappe.deferred_insert.save_to_db)
2025-06-12 20:15:27,966 home-ngr-invoice-bench:default: Job OK (invoice.local::scheduled_job::frappe.deferred_insert.save_to_db)
2025-06-12 20:15:27,966 Result is kept for 600 seconds
2025-06-12 20:15:27,986 home-ngr-invoice-bench:default: frappe.utils.background_jobs.execute_job(event=None, is_async=True, job_name='frappe.core.doctype.scheduled_job_type.scheduled_job_type.run_scheduled_jo..., kwargs={'job_type': 'frappe.utils.global_search.sync_global_search'}, method='frappe.core.doctype.scheduled_job_type.scheduled_job_type.run_scheduled_jo..., site='invoice.local', user='Administrator') (invoice.local::scheduled_job::frappe.utils.global_search.sync_global_search)
2025-06-12 20:15:28,294 home-ngr-invoice-bench:default: Job OK (invoice.local::scheduled_job::frappe.utils.global_search.sync_global_search)
2025-06-12 20:15:28,295 Result is kept for 600 seconds
2025-06-12 20:15:28,306 home-ngr-invoice-bench:default: frappe.utils.background_jobs.execute_job(event=None, is_async=True, job_name='frappe.core.doctype.scheduled_job_type.scheduled_job_type.run_scheduled_jo..., kwargs={'job_type': 'frappe.model.utils.link_count.update_link_count'}, method='frappe.core.doctype.scheduled_job_type.scheduled_job_type.run_scheduled_jo..., site='invoice.local', user='Administrator') (invoice.local::scheduled_job::frappe.model.utils.link_count.update_link_count)
2025-06-12 20:15:28,541 home-ngr-invoice-bench:default: Job OK (invoice.local::scheduled_job::frappe.model.utils.link_count.update_link_count)
2025-06-12 20:15:28,541 Result is kept for 600 seconds
2025-06-12 20:16:26,951 home-ngr-invoice-bench:default: frappe.utils.background_jobs.execute_job(event=None, is_async=True, job_name='frappe.core.doctype.scheduled_job_type.scheduled_job_type.run_scheduled_jo..., kwargs={'job_type': 'frappe.email.queue.flush'}, method='frappe.core.doctype.scheduled_job_type.scheduled_job_type.run_scheduled_jo..., site='invoice.local', user='Administrator') (invoice.local::scheduled_job::frappe.email.queue.flush)
2025-06-12 20:16:27,432 home-ngr-invoice-bench:default: Job OK (invoice.local::scheduled_job::frappe.email.queue.flush)
2025-06-12 20:16:27,432 Result is kept for 600 seconds
2025-06-12 20:16:27,441 home-ngr-invoice-bench:default: frappe.utils.background_jobs.execute_job(event=None, is_async=True, job_name='frappe.core.doctype.scheduled_job_type.scheduled_job_type.run_scheduled_jo..., kwargs={'job_type': 'frappe.monitor.flush'}, method='frappe.core.doctype.scheduled_job_type.scheduled_job_type.run_scheduled_jo..., site='invoice.local', user='Administrator') (invoice.local::scheduled_job::frappe.monitor.flush)
2025-06-12 20:16:27,706 home-ngr-invoice-bench:default: Job OK (invoice.local::scheduled_job::frappe.monitor.flush)
2025-06-12 20:16:27,707 Result is kept for 600 seconds
2025-06-12 20:16:27,726 home-ngr-invoice-bench:default: frappe.utils.background_jobs.execute_job(event=None, is_async=True, job_name='frappe.core.doctype.scheduled_job_type.scheduled_job_type.run_scheduled_jo..., kwargs={'job_type': 'frappe.integrations.doctype.google_calendar.google_calendar.s..., method='frappe.core.doctype.scheduled_job_type.scheduled_job_type.run_scheduled_jo..., site='invoice.local', user='Administrator') (invoice.local::scheduled_job::frappe.integrations.doctype.google_calendar.google_calendar.sync)
2025-06-12 20:16:28,305 home-ngr-invoice-bench:default: Job OK (invoice.local::scheduled_job::frappe.integrations.doctype.google_calendar.google_calendar.sync)
2025-06-12 20:16:28,306 Result is kept for 600 seconds
2025-06-12 20:19:23,941 Worker f5b28b71589c4d7c9089a699f3bbef57 [PID 50552]: warm shut down requested
2025-06-12 20:19:23,943 Unsubscribing from channel rq:pubsub:f5b28b71589c4d7c9089a699f3bbef57
2025-06-12 20:20:55,288 Worker rq:worker:ccfe176d9023429abf5e7bba99770fd8 started with PID 51313, version 1.15.1
2025-06-12 20:20:55,288 Subscribing to channel rq:pubsub:ccfe176d9023429abf5e7bba99770fd8
2025-06-12 20:20:55,288 *** Listening on home-ngr-invoice-bench:short, home-ngr-invoice-bench:default, home-ngr-invoice-bench:long...
2025-06-12 20:21:56,004 home-ngr-invoice-bench:default: frappe.utils.background_jobs.execute_job(event=None, is_async=True, job_name='frappe.core.doctype.scheduled_job_type.scheduled_job_type.run_scheduled_jo..., kwargs={'job_type': 'frappe.monitor.flush'}, method='frappe.core.doctype.scheduled_job_type.scheduled_job_type.run_scheduled_jo..., site='invoice.local', user='Administrator') (invoice.local::scheduled_job::frappe.monitor.flush)
2025-06-12 20:21:56,241 home-ngr-invoice-bench:default: Job OK (invoice.local::scheduled_job::frappe.monitor.flush)
2025-06-12 20:21:56,242 Result is kept for 600 seconds
2025-06-12 20:21:56,261 home-ngr-invoice-bench:default: frappe.utils.background_jobs.execute_job(event=None, is_async=True, job_name='frappe.core.doctype.scheduled_job_type.scheduled_job_type.run_scheduled_jo..., kwargs={'job_type': 'frappe.email.doctype.email_account.email_account.pull'}, method='frappe.core.doctype.scheduled_job_type.scheduled_job_type.run_scheduled_jo..., site='invoice.local', user='Administrator') (invoice.local::scheduled_job::frappe.email.doctype.email_account.email_account.pull)
2025-06-12 20:21:56,779 home-ngr-invoice-bench:default: Job OK (invoice.local::scheduled_job::frappe.email.doctype.email_account.email_account.pull)
2025-06-12 20:21:56,780 Result is kept for 600 seconds
2025-06-12 20:21:56,798 home-ngr-invoice-bench:default: frappe.utils.background_jobs.execute_job(event=None, is_async=True, job_name='frappe.core.doctype.scheduled_job_type.scheduled_job_type.run_scheduled_jo..., kwargs={'job_type': 'frappe.integrations.doctype.google_calendar.google_calendar.s..., method='frappe.core.doctype.scheduled_job_type.scheduled_job_type.run_scheduled_jo..., site='invoice.local', user='Administrator') (invoice.local::scheduled_job::frappe.integrations.doctype.google_calendar.google_calendar.sync)
2025-06-12 20:21:57,246 home-ngr-invoice-bench:default: Job OK (invoice.local::scheduled_job::frappe.integrations.doctype.google_calendar.google_calendar.sync)
2025-06-12 20:21:57,246 Result is kept for 600 seconds
2025-06-12 20:21:57,260 home-ngr-invoice-bench:default: frappe.utils.background_jobs.execute_job(event=None, is_async=True, job_name='frappe.core.doctype.scheduled_job_type.scheduled_job_type.run_scheduled_jo..., kwargs={'job_type': 'frappe.email.queue.flush'}, method='frappe.core.doctype.scheduled_job_type.scheduled_job_type.run_scheduled_jo..., site='invoice.local', user='Administrator') (invoice.local::scheduled_job::frappe.email.queue.flush)
2025-06-12 20:21:57,726 home-ngr-invoice-bench:default: Job OK (invoice.local::scheduled_job::frappe.email.queue.flush)
2025-06-12 20:21:57,727 Result is kept for 600 seconds
2025-06-12 20:24:56,368 home-ngr-invoice-bench:default: frappe.utils.background_jobs.execute_job(event=None, is_async=True, job_name='frappe.core.doctype.scheduled_job_type.scheduled_job_type.run_scheduled_jo..., kwargs={'job_type': 'frappe.integrations.doctype.google_calendar.google_calendar.s..., method='frappe.core.doctype.scheduled_job_type.scheduled_job_type.run_scheduled_jo..., site='invoice.local', user='Administrator') (invoice.local::scheduled_job::frappe.integrations.doctype.google_calendar.google_calendar.sync)
2025-06-12 20:24:56,883 home-ngr-invoice-bench:default: Job OK (invoice.local::scheduled_job::frappe.integrations.doctype.google_calendar.google_calendar.sync)
2025-06-12 20:24:56,884 Result is kept for 600 seconds
2025-06-12 20:24:56,889 home-ngr-invoice-bench:default: frappe.utils.background_jobs.execute_job(event=None, is_async=True, job_name='frappe.core.doctype.scheduled_job_type.scheduled_job_type.run_scheduled_jo..., kwargs={'job_type': 'frappe.email.queue.flush'}, method='frappe.core.doctype.scheduled_job_type.scheduled_job_type.run_scheduled_jo..., site='invoice.local', user='Administrator') (invoice.local::scheduled_job::frappe.email.queue.flush)
2025-06-12 20:24:57,353 home-ngr-invoice-bench:default: Job OK (invoice.local::scheduled_job::frappe.email.queue.flush)
2025-06-12 20:24:57,353 Result is kept for 600 seconds
2025-06-12 20:24:57,360 home-ngr-invoice-bench:default: frappe.utils.background_jobs.execute_job(event=None, is_async=True, job_name='frappe.core.doctype.scheduled_job_type.scheduled_job_type.run_scheduled_jo..., kwargs={'job_type': 'frappe.monitor.flush'}, method='frappe.core.doctype.scheduled_job_type.scheduled_job_type.run_scheduled_jo..., site='invoice.local', user='Administrator') (invoice.local::scheduled_job::frappe.monitor.flush)
2025-06-12 20:24:57,542 home-ngr-invoice-bench:default: Job OK (invoice.local::scheduled_job::frappe.monitor.flush)
2025-06-12 20:24:57,543 Result is kept for 600 seconds
2025-06-12 20:28:56,841 home-ngr-invoice-bench:default: frappe.utils.background_jobs.execute_job(event=None, is_async=True, job_name='frappe.core.doctype.scheduled_job_type.scheduled_job_type.run_scheduled_jo..., kwargs={'job_type': 'frappe.integrations.doctype.google_calendar.google_calendar.s..., method='frappe.core.doctype.scheduled_job_type.scheduled_job_type.run_scheduled_jo..., site='invoice.local', user='Administrator') (invoice.local::scheduled_job::frappe.integrations.doctype.google_calendar.google_calendar.sync)
2025-06-12 20:28:57,308 home-ngr-invoice-bench:default: Job OK (invoice.local::scheduled_job::frappe.integrations.doctype.google_calendar.google_calendar.sync)
2025-06-12 20:28:57,308 Result is kept for 600 seconds
2025-06-12 20:28:57,314 home-ngr-invoice-bench:default: frappe.utils.background_jobs.execute_job(event=None, is_async=True, job_name='frappe.core.doctype.scheduled_job_type.scheduled_job_type.run_scheduled_jo..., kwargs={'job_type': 'frappe.monitor.flush'}, method='frappe.core.doctype.scheduled_job_type.scheduled_job_type.run_scheduled_jo..., site='invoice.local', user='Administrator') (invoice.local::scheduled_job::frappe.monitor.flush)
2025-06-12 20:28:57,471 home-ngr-invoice-bench:default: Job OK (invoice.local::scheduled_job::frappe.monitor.flush)
2025-06-12 20:28:57,471 Result is kept for 600 seconds
2025-06-12 20:28:57,479 home-ngr-invoice-bench:default: frappe.utils.background_jobs.execute_job(event=None, is_async=True, job_name='frappe.core.doctype.scheduled_job_type.scheduled_job_type.run_scheduled_jo..., kwargs={'job_type': 'frappe.email.queue.flush'}, method='frappe.core.doctype.scheduled_job_type.scheduled_job_type.run_scheduled_jo..., site='invoice.local', user='Administrator') (invoice.local::scheduled_job::frappe.email.queue.flush)
2025-06-12 20:28:57,716 home-ngr-invoice-bench:default: Job OK (invoice.local::scheduled_job::frappe.email.queue.flush)
2025-06-12 20:28:57,716 Result is kept for 600 seconds
2025-06-12 20:30:57,094 home-ngr-invoice-bench:default: frappe.utils.background_jobs.execute_job(event=None, is_async=True, job_name='frappe.core.doctype.scheduled_job_type.scheduled_job_type.run_scheduled_jo..., kwargs={'job_type': 'erpnext.manufacturing.doctype.bom_update_log.bom_update_log.r..., method='frappe.core.doctype.scheduled_job_type.scheduled_job_type.run_scheduled_jo..., site='invoice.local', user='Administrator') (invoice.local::scheduled_job::erpnext.manufacturing.doctype.bom_update_log.bom_update_log.resume_bom_cost_update_jobs)
2025-06-12 20:30:57,374 home-ngr-invoice-bench:default: Job OK (invoice.local::scheduled_job::erpnext.manufacturing.doctype.bom_update_log.bom_update_log.resume_bom_cost_update_jobs)
2025-06-12 20:30:57,374 Result is kept for 600 seconds
2025-06-12 20:30:57,379 Cleaning registries for queue: home-ngr-invoice-bench:short
2025-06-12 20:30:57,380 Cleaning registries for queue: home-ngr-invoice-bench:default
2025-06-12 20:30:57,381 Cleaning registries for queue: home-ngr-invoice-bench:long
2025-06-12 20:30:57,382 home-ngr-invoice-bench:default: frappe.utils.background_jobs.execute_job(event=None, is_async=True, job_name='frappe.core.doctype.scheduled_job_type.scheduled_job_type.run_scheduled_jo..., kwargs={'job_type': 'frappe.model.utils.link_count.update_link_count'}, method='frappe.core.doctype.scheduled_job_type.scheduled_job_type.run_scheduled_jo..., site='invoice.local', user='Administrator') (invoice.local::scheduled_job::frappe.model.utils.link_count.update_link_count)
2025-06-12 20:30:57,589 home-ngr-invoice-bench:default: Job OK (invoice.local::scheduled_job::frappe.model.utils.link_count.update_link_count)
2025-06-12 20:30:57,589 Result is kept for 600 seconds
2025-06-12 20:30:57,596 home-ngr-invoice-bench:default: frappe.utils.background_jobs.execute_job(event=None, is_async=True, job_name='frappe.core.doctype.scheduled_job_type.scheduled_job_type.run_scheduled_jo..., kwargs={'job_type': 'frappe.email.doctype.email_account.email_account.pull'}, method='frappe.core.doctype.scheduled_job_type.scheduled_job_type.run_scheduled_jo..., site='invoice.local', user='Administrator') (invoice.local::scheduled_job::frappe.email.doctype.email_account.email_account.pull)
2025-06-12 20:30:57,826 home-ngr-invoice-bench:default: Job OK (invoice.local::scheduled_job::frappe.email.doctype.email_account.email_account.pull)
2025-06-12 20:30:57,826 Result is kept for 600 seconds
2025-06-12 20:30:57,831 home-ngr-invoice-bench:default: frappe.utils.background_jobs.execute_job(event=None, is_async=True, job_name='frappe.core.doctype.scheduled_job_type.scheduled_job_type.run_scheduled_jo..., kwargs={'job_type': 'erpnext.utilities.doctype.video.video.update_youtube_data'}, method='frappe.core.doctype.scheduled_job_type.scheduled_job_type.run_scheduled_jo..., site='invoice.local', user='Administrator') (invoice.local::scheduled_job::erpnext.utilities.doctype.video.video.update_youtube_data)
2025-06-12 20:30:58,107 home-ngr-invoice-bench:default: Job OK (invoice.local::scheduled_job::erpnext.utilities.doctype.video.video.update_youtube_data)
2025-06-12 20:30:58,107 Result is kept for 600 seconds
2025-06-12 20:30:58,112 home-ngr-invoice-bench:default: frappe.utils.background_jobs.execute_job(event=None, is_async=True, job_name='frappe.core.doctype.scheduled_job_type.scheduled_job_type.run_scheduled_jo..., kwargs={'job_type': 'frappe.email.doctype.email_account.email_account.notify_unrep..., method='frappe.core.doctype.scheduled_job_type.scheduled_job_type.run_scheduled_jo..., site='invoice.local', user='Administrator') (invoice.local::scheduled_job::frappe.email.doctype.email_account.email_account.notify_unreplied)
2025-06-12 20:30:58,294 home-ngr-invoice-bench:default: Job OK (invoice.local::scheduled_job::frappe.email.doctype.email_account.email_account.notify_unreplied)
2025-06-12 20:30:58,295 Result is kept for 600 seconds
2025-06-12 20:30:58,301 home-ngr-invoice-bench:default: frappe.utils.background_jobs.execute_job(event=None, is_async=True, job_name='frappe.core.doctype.scheduled_job_type.scheduled_job_type.run_scheduled_jo..., kwargs={'job_type': 'frappe.utils.global_search.sync_global_search'}, method='frappe.core.doctype.scheduled_job_type.scheduled_job_type.run_scheduled_jo..., site='invoice.local', user='Administrator') (invoice.local::scheduled_job::frappe.utils.global_search.sync_global_search)
2025-06-12 20:30:58,474 home-ngr-invoice-bench:default: Job OK (invoice.local::scheduled_job::frappe.utils.global_search.sync_global_search)
2025-06-12 20:30:58,474 Result is kept for 600 seconds
2025-06-12 20:30:58,482 home-ngr-invoice-bench:default: frappe.utils.background_jobs.execute_job(event=None, is_async=True, job_name='frappe.core.doctype.scheduled_job_type.scheduled_job_type.run_scheduled_jo..., kwargs={'job_type': 'erpnext.accounts.doctype.gl_entry.gl_entry.rename_gle_sle_doc..., method='frappe.core.doctype.scheduled_job_type.scheduled_job_type.run_scheduled_jo..., site='invoice.local', user='Administrator') (invoice.local::scheduled_job::erpnext.accounts.doctype.gl_entry.gl_entry.rename_gle_sle_docs)
2025-06-12 20:30:59,248 home-ngr-invoice-bench:default: Job OK (invoice.local::scheduled_job::erpnext.accounts.doctype.gl_entry.gl_entry.rename_gle_sle_docs)
2025-06-12 20:30:59,249 Result is kept for 600 seconds
2025-06-12 20:30:59,270 home-ngr-invoice-bench:default: frappe.utils.background_jobs.execute_job(event=None, is_async=True, job_name='frappe.core.doctype.scheduled_job_type.scheduled_job_type.run_scheduled_jo..., kwargs={'job_type': 'frappe.automation.doctype.reminder.reminder.send_reminders'}, method='frappe.core.doctype.scheduled_job_type.scheduled_job_type.run_scheduled_jo..., site='invoice.local', user='Administrator') (invoice.local::scheduled_job::frappe.automation.doctype.reminder.reminder.send_reminders)
2025-06-12 20:30:59,761 home-ngr-invoice-bench:default: Job OK (invoice.local::scheduled_job::frappe.automation.doctype.reminder.reminder.send_reminders)
2025-06-12 20:30:59,762 Result is kept for 600 seconds
2025-06-12 20:30:59,781 home-ngr-invoice-bench:default: frappe.utils.background_jobs.execute_job(event=None, is_async=True, job_name='frappe.core.doctype.scheduled_job_type.scheduled_job_type.run_scheduled_jo..., kwargs={'job_type': 'frappe.deferred_insert.save_to_db'}, method='frappe.core.doctype.scheduled_job_type.scheduled_job_type.run_scheduled_jo..., site='invoice.local', user='Administrator') (invoice.local::scheduled_job::frappe.deferred_insert.save_to_db)
2025-06-12 20:31:00,245 home-ngr-invoice-bench:default: Job OK (invoice.local::scheduled_job::frappe.deferred_insert.save_to_db)
2025-06-12 20:31:00,246 Result is kept for 600 seconds
2025-06-12 20:32:57,319 home-ngr-invoice-bench:default: frappe.utils.background_jobs.execute_job(event=None, is_async=True, job_name='frappe.core.doctype.scheduled_job_type.scheduled_job_type.run_scheduled_jo..., kwargs={'job_type': 'frappe.email.queue.flush'}, method='frappe.core.doctype.scheduled_job_type.scheduled_job_type.run_scheduled_jo..., site='invoice.local', user='Administrator') (invoice.local::scheduled_job::frappe.email.queue.flush)
2025-06-12 20:32:57,799 home-ngr-invoice-bench:default: Job OK (invoice.local::scheduled_job::frappe.email.queue.flush)
2025-06-12 20:32:57,799 Result is kept for 600 seconds
2025-06-12 20:32:57,820 home-ngr-invoice-bench:default: frappe.utils.background_jobs.execute_job(event=None, is_async=True, job_name='frappe.core.doctype.scheduled_job_type.scheduled_job_type.run_scheduled_jo..., kwargs={'job_type': 'frappe.monitor.flush'}, method='frappe.core.doctype.scheduled_job_type.scheduled_job_type.run_scheduled_jo..., site='invoice.local', user='Administrator') (invoice.local::scheduled_job::frappe.monitor.flush)
2025-06-12 20:32:58,095 home-ngr-invoice-bench:default: Job OK (invoice.local::scheduled_job::frappe.monitor.flush)
2025-06-12 20:32:58,095 Result is kept for 600 seconds
2025-06-12 20:32:58,115 home-ngr-invoice-bench:default: frappe.utils.background_jobs.execute_job(event=None, is_async=True, job_name='frappe.core.doctype.scheduled_job_type.scheduled_job_type.run_scheduled_jo..., kwargs={'job_type': 'frappe.integrations.doctype.google_calendar.google_calendar.s..., method='frappe.core.doctype.scheduled_job_type.scheduled_job_type.run_scheduled_jo..., site='invoice.local', user='Administrator') (invoice.local::scheduled_job::frappe.integrations.doctype.google_calendar.google_calendar.sync)
2025-06-12 20:32:58,477 home-ngr-invoice-bench:default: Job OK (invoice.local::scheduled_job::frappe.integrations.doctype.google_calendar.google_calendar.sync)
2025-06-12 20:32:58,478 Result is kept for 600 seconds
2025-06-12 20:36:57,816 home-ngr-invoice-bench:default: frappe.utils.background_jobs.execute_job(event=None, is_async=True, job_name='frappe.core.doctype.scheduled_job_type.scheduled_job_type.run_scheduled_jo..., kwargs={'job_type': 'frappe.integrations.doctype.google_calendar.google_calendar.s..., method='frappe.core.doctype.scheduled_job_type.scheduled_job_type.run_scheduled_jo..., site='invoice.local', user='Administrator') (invoice.local::scheduled_job::frappe.integrations.doctype.google_calendar.google_calendar.sync)
2025-06-12 20:36:58,384 home-ngr-invoice-bench:default: Job OK (invoice.local::scheduled_job::frappe.integrations.doctype.google_calendar.google_calendar.sync)
2025-06-12 20:36:58,385 Result is kept for 600 seconds
2025-06-12 20:36:58,406 home-ngr-invoice-bench:default: frappe.utils.background_jobs.execute_job(event=None, is_async=True, job_name='frappe.core.doctype.scheduled_job_type.scheduled_job_type.run_scheduled_jo..., kwargs={'job_type': 'frappe.monitor.flush'}, method='frappe.core.doctype.scheduled_job_type.scheduled_job_type.run_scheduled_jo..., site='invoice.local', user='Administrator') (invoice.local::scheduled_job::frappe.monitor.flush)
2025-06-12 20:36:58,613 home-ngr-invoice-bench:default: Job OK (invoice.local::scheduled_job::frappe.monitor.flush)
2025-06-12 20:36:58,613 Result is kept for 600 seconds
2025-06-12 20:36:58,631 home-ngr-invoice-bench:default: frappe.utils.background_jobs.execute_job(event=None, is_async=True, job_name='frappe.core.doctype.scheduled_job_type.scheduled_job_type.run_scheduled_jo..., kwargs={'job_type': 'frappe.email.queue.flush'}, method='frappe.core.doctype.scheduled_job_type.scheduled_job_type.run_scheduled_jo..., site='invoice.local', user='Administrator') (invoice.local::scheduled_job::frappe.email.queue.flush)
2025-06-12 20:36:58,892 home-ngr-invoice-bench:default: Job OK (invoice.local::scheduled_job::frappe.email.queue.flush)
2025-06-12 20:36:58,892 Result is kept for 600 seconds
2025-06-12 20:40:58,303 home-ngr-invoice-bench:default: frappe.utils.background_jobs.execute_job(event=None, is_async=True, job_name='frappe.core.doctype.scheduled_job_type.scheduled_job_type.run_scheduled_jo..., kwargs={'job_type': 'frappe.integrations.doctype.google_calendar.google_calendar.s..., method='frappe.core.doctype.scheduled_job_type.scheduled_job_type.run_scheduled_jo..., site='invoice.local', user='Administrator') (invoice.local::scheduled_job::frappe.integrations.doctype.google_calendar.google_calendar.sync)
2025-06-12 20:40:58,809 home-ngr-invoice-bench:default: Job OK (invoice.local::scheduled_job::frappe.integrations.doctype.google_calendar.google_calendar.sync)
2025-06-12 20:40:58,810 Result is kept for 600 seconds
2025-06-12 20:40:58,820 home-ngr-invoice-bench:default: frappe.utils.background_jobs.execute_job(event=None, is_async=True, job_name='frappe.core.doctype.scheduled_job_type.scheduled_job_type.run_scheduled_jo..., kwargs={'job_type': 'frappe.email.doctype.email_account.email_account.pull'}, method='frappe.core.doctype.scheduled_job_type.scheduled_job_type.run_scheduled_jo..., site='invoice.local', user='Administrator') (invoice.local::scheduled_job::frappe.email.doctype.email_account.email_account.pull)
2025-06-12 20:40:59,197 home-ngr-invoice-bench:default: Job OK (invoice.local::scheduled_job::frappe.email.doctype.email_account.email_account.pull)
2025-06-12 20:40:59,198 Result is kept for 600 seconds
2025-06-12 20:40:59,214 home-ngr-invoice-bench:default: frappe.utils.background_jobs.execute_job(event=None, is_async=True, job_name='frappe.core.doctype.scheduled_job_type.scheduled_job_type.run_scheduled_jo..., kwargs={'job_type': 'frappe.monitor.flush'}, method='frappe.core.doctype.scheduled_job_type.scheduled_job_type.run_scheduled_jo..., site='invoice.local', user='Administrator') (invoice.local::scheduled_job::frappe.monitor.flush)
2025-06-12 20:40:59,402 home-ngr-invoice-bench:default: Job OK (invoice.local::scheduled_job::frappe.monitor.flush)
2025-06-12 20:40:59,402 Result is kept for 600 seconds
2025-06-12 20:40:59,421 home-ngr-invoice-bench:default: frappe.utils.background_jobs.execute_job(event=None, is_async=True, job_name='frappe.core.doctype.scheduled_job_type.scheduled_job_type.run_scheduled_jo..., kwargs={'job_type': 'frappe.email.queue.flush'}, method='frappe.core.doctype.scheduled_job_type.scheduled_job_type.run_scheduled_jo..., site='invoice.local', user='Administrator') (invoice.local::scheduled_job::frappe.email.queue.flush)
2025-06-12 20:40:59,731 home-ngr-invoice-bench:default: Job OK (invoice.local::scheduled_job::frappe.email.queue.flush)
2025-06-12 20:40:59,732 Result is kept for 600 seconds
2025-06-12 20:44:58,739 home-ngr-invoice-bench:default: frappe.utils.background_jobs.execute_job(event=None, is_async=True, job_name='frappe.core.doctype.scheduled_job_type.scheduled_job_type.run_scheduled_jo..., kwargs={'job_type': 'frappe.email.queue.flush'}, method='frappe.core.doctype.scheduled_job_type.scheduled_job_type.run_scheduled_jo..., site='invoice.local', user='Administrator') (invoice.local::scheduled_job::frappe.email.queue.flush)
2025-06-12 20:44:59,204 home-ngr-invoice-bench:default: Job OK (invoice.local::scheduled_job::frappe.email.queue.flush)
2025-06-12 20:44:59,204 Result is kept for 600 seconds
2025-06-12 20:44:59,228 home-ngr-invoice-bench:default: frappe.utils.background_jobs.execute_job(event=None, is_async=True, job_name='frappe.core.doctype.scheduled_job_type.scheduled_job_type.run_scheduled_jo..., kwargs={'job_type': 'frappe.integrations.doctype.google_calendar.google_calendar.s..., method='frappe.core.doctype.scheduled_job_type.scheduled_job_type.run_scheduled_jo..., site='invoice.local', user='Administrator') (invoice.local::scheduled_job::frappe.integrations.doctype.google_calendar.google_calendar.sync)
2025-06-12 20:44:59,707 home-ngr-invoice-bench:default: Job OK (invoice.local::scheduled_job::frappe.integrations.doctype.google_calendar.google_calendar.sync)
2025-06-12 20:44:59,707 Result is kept for 600 seconds
2025-06-12 20:44:59,713 home-ngr-invoice-bench:default: frappe.utils.background_jobs.execute_job(event=None, is_async=True, job_name='frappe.core.doctype.scheduled_job_type.scheduled_job_type.run_scheduled_jo..., kwargs={'job_type': 'frappe.monitor.flush'}, method='frappe.core.doctype.scheduled_job_type.scheduled_job_type.run_scheduled_jo..., site='invoice.local', user='Administrator') (invoice.local::scheduled_job::frappe.monitor.flush)
2025-06-12 20:44:59,876 home-ngr-invoice-bench:default: Job OK (invoice.local::scheduled_job::frappe.monitor.flush)
2025-06-12 20:44:59,876 Result is kept for 600 seconds
2025-06-12 20:45:58,870 home-ngr-invoice-bench:default: frappe.utils.background_jobs.execute_job(event=None, is_async=True, job_name='frappe.core.doctype.scheduled_job_type.scheduled_job_type.run_scheduled_jo..., kwargs={'job_type': 'frappe.utils.global_search.sync_global_search'}, method='frappe.core.doctype.scheduled_job_type.scheduled_job_type.run_scheduled_jo..., site='invoice.local', user='Administrator') (invoice.local::scheduled_job::frappe.utils.global_search.sync_global_search)
2025-06-12 20:45:59,087 home-ngr-invoice-bench:default: Job OK (invoice.local::scheduled_job::frappe.utils.global_search.sync_global_search)
2025-06-12 20:45:59,087 Result is kept for 600 seconds
2025-06-12 20:45:59,103 home-ngr-invoice-bench:default: frappe.utils.background_jobs.execute_job(event=None, is_async=True, job_name='frappe.core.doctype.scheduled_job_type.scheduled_job_type.run_scheduled_jo..., kwargs={'job_type': 'erpnext.manufacturing.doctype.bom_update_log.bom_update_log.r..., method='frappe.core.doctype.scheduled_job_type.scheduled_job_type.run_scheduled_jo..., site='invoice.local', user='Administrator') (invoice.local::scheduled_job::erpnext.manufacturing.doctype.bom_update_log.bom_update_log.resume_bom_cost_update_jobs)
2025-06-12 20:45:59,352 home-ngr-invoice-bench:default: Job OK (invoice.local::scheduled_job::erpnext.manufacturing.doctype.bom_update_log.bom_update_log.resume_bom_cost_update_jobs)
2025-06-12 20:45:59,352 Result is kept for 600 seconds
2025-06-12 20:45:59,361 home-ngr-invoice-bench:default: frappe.utils.background_jobs.execute_job(event=None, is_async=True, job_name='frappe.core.doctype.scheduled_job_type.scheduled_job_type.run_scheduled_jo..., kwargs={'job_type': 'frappe.email.doctype.email_account.email_account.notify_unrep..., method='frappe.core.doctype.scheduled_job_type.scheduled_job_type.run_scheduled_jo..., site='invoice.local', user='Administrator') (invoice.local::scheduled_job::frappe.email.doctype.email_account.email_account.notify_unreplied)
2025-06-12 20:45:59,563 home-ngr-invoice-bench:default: Job OK (invoice.local::scheduled_job::frappe.email.doctype.email_account.email_account.notify_unreplied)
2025-06-12 20:45:59,563 Result is kept for 600 seconds
2025-06-12 20:45:59,569 home-ngr-invoice-bench:default: frappe.utils.background_jobs.execute_job(event=None, is_async=True, job_name='frappe.core.doctype.scheduled_job_type.scheduled_job_type.run_scheduled_jo..., kwargs={'job_type': 'frappe.deferred_insert.save_to_db'}, method='frappe.core.doctype.scheduled_job_type.scheduled_job_type.run_scheduled_jo..., site='invoice.local', user='Administrator') (invoice.local::scheduled_job::frappe.deferred_insert.save_to_db)
2025-06-12 20:45:59,750 home-ngr-invoice-bench:default: Job OK (invoice.local::scheduled_job::frappe.deferred_insert.save_to_db)
2025-06-12 20:45:59,750 Result is kept for 600 seconds
2025-06-12 20:45:59,769 home-ngr-invoice-bench:default: frappe.utils.background_jobs.execute_job(event=None, is_async=True, job_name='frappe.core.doctype.scheduled_job_type.scheduled_job_type.run_scheduled_jo..., kwargs={'job_type': 'frappe.automation.doctype.reminder.reminder.send_reminders'}, method='frappe.core.doctype.scheduled_job_type.scheduled_job_type.run_scheduled_jo..., site='invoice.local', user='Administrator') (invoice.local::scheduled_job::frappe.automation.doctype.reminder.reminder.send_reminders)
2025-06-12 20:45:59,997 home-ngr-invoice-bench:default: Job OK (invoice.local::scheduled_job::frappe.automation.doctype.reminder.reminder.send_reminders)
2025-06-12 20:45:59,997 Result is kept for 600 seconds
2025-06-12 20:46:00,004 home-ngr-invoice-bench:default: frappe.utils.background_jobs.execute_job(event=None, is_async=True, job_name='frappe.core.doctype.scheduled_job_type.scheduled_job_type.run_scheduled_jo..., kwargs={'job_type': 'frappe.model.utils.link_count.update_link_count'}, method='frappe.core.doctype.scheduled_job_type.scheduled_job_type.run_scheduled_jo..., site='invoice.local', user='Administrator') (invoice.local::scheduled_job::frappe.model.utils.link_count.update_link_count)
2025-06-12 20:46:00,201 home-ngr-invoice-bench:default: Job OK (invoice.local::scheduled_job::frappe.model.utils.link_count.update_link_count)
2025-06-12 20:46:00,201 Result is kept for 600 seconds
2025-06-12 20:48:59,244 home-ngr-invoice-bench:default: frappe.utils.background_jobs.execute_job(event=None, is_async=True, job_name='frappe.core.doctype.scheduled_job_type.scheduled_job_type.run_scheduled_jo..., kwargs={'job_type': 'frappe.email.queue.flush'}, method='frappe.core.doctype.scheduled_job_type.scheduled_job_type.run_scheduled_jo..., site='invoice.local', user='Administrator') (invoice.local::scheduled_job::frappe.email.queue.flush)
2025-06-12 20:48:59,598 home-ngr-invoice-bench:default: Job OK (invoice.local::scheduled_job::frappe.email.queue.flush)
2025-06-12 20:48:59,598 Result is kept for 600 seconds
2025-06-12 20:48:59,604 home-ngr-invoice-bench:default: frappe.utils.background_jobs.execute_job(event=None, is_async=True, job_name='frappe.core.doctype.scheduled_job_type.scheduled_job_type.run_scheduled_jo..., kwargs={'job_type': 'frappe.integrations.doctype.google_calendar.google_calendar.s..., method='frappe.core.doctype.scheduled_job_type.scheduled_job_type.run_scheduled_jo..., site='invoice.local', user='Administrator') (invoice.local::scheduled_job::frappe.integrations.doctype.google_calendar.google_calendar.sync)
2025-06-12 20:48:59,902 home-ngr-invoice-bench:default: Job OK (invoice.local::scheduled_job::frappe.integrations.doctype.google_calendar.google_calendar.sync)
2025-06-12 20:48:59,902 Result is kept for 600 seconds
2025-06-12 20:48:59,909 home-ngr-invoice-bench:default: frappe.utils.background_jobs.execute_job(event=None, is_async=True, job_name='frappe.core.doctype.scheduled_job_type.scheduled_job_type.run_scheduled_jo..., kwargs={'job_type': 'frappe.monitor.flush'}, method='frappe.core.doctype.scheduled_job_type.scheduled_job_type.run_scheduled_jo..., site='invoice.local', user='Administrator') (invoice.local::scheduled_job::frappe.monitor.flush)
2025-06-12 20:49:00,066 home-ngr-invoice-bench:default: Job OK (invoice.local::scheduled_job::frappe.monitor.flush)
2025-06-12 20:49:00,066 Result is kept for 600 seconds
2025-06-12 20:50:59,518 home-ngr-invoice-bench:default: frappe.utils.background_jobs.execute_job(event=None, is_async=True, job_name='frappe.core.doctype.scheduled_job_type.scheduled_job_type.run_scheduled_jo..., kwargs={'job_type': 'frappe.email.doctype.email_account.email_account.pull'}, method='frappe.core.doctype.scheduled_job_type.scheduled_job_type.run_scheduled_jo..., site='invoice.local', user='Administrator') (invoice.local::scheduled_job::frappe.email.doctype.email_account.email_account.pull)
2025-06-12 20:50:59,842 home-ngr-invoice-bench:default: Job OK (invoice.local::scheduled_job::frappe.email.doctype.email_account.email_account.pull)
2025-06-12 20:50:59,843 Result is kept for 600 seconds
2025-06-12 20:50:59,848 Cleaning registries for queue: home-ngr-invoice-bench:short
2025-06-12 20:50:59,849 Cleaning registries for queue: home-ngr-invoice-bench:default
2025-06-12 20:50:59,850 Cleaning registries for queue: home-ngr-invoice-bench:long
2025-06-12 20:52:59,781 home-ngr-invoice-bench:default: frappe.utils.background_jobs.execute_job(event=None, is_async=True, job_name='frappe.core.doctype.scheduled_job_type.scheduled_job_type.run_scheduled_jo..., kwargs={'job_type': 'frappe.email.queue.flush'}, method='frappe.core.doctype.scheduled_job_type.scheduled_job_type.run_scheduled_jo..., site='invoice.local', user='Administrator') (invoice.local::scheduled_job::frappe.email.queue.flush)
2025-06-12 20:53:00,196 home-ngr-invoice-bench:default: Job OK (invoice.local::scheduled_job::frappe.email.queue.flush)
2025-06-12 20:53:00,196 Result is kept for 600 seconds
2025-06-12 20:53:00,203 home-ngr-invoice-bench:default: frappe.utils.background_jobs.execute_job(event=None, is_async=True, job_name='frappe.core.doctype.scheduled_job_type.scheduled_job_type.run_scheduled_jo..., kwargs={'job_type': 'frappe.monitor.flush'}, method='frappe.core.doctype.scheduled_job_type.scheduled_job_type.run_scheduled_jo..., site='invoice.local', user='Administrator') (invoice.local::scheduled_job::frappe.monitor.flush)
2025-06-12 20:53:00,366 home-ngr-invoice-bench:default: Job OK (invoice.local::scheduled_job::frappe.monitor.flush)
2025-06-12 20:53:00,367 Result is kept for 600 seconds
2025-06-12 20:53:00,385 home-ngr-invoice-bench:default: frappe.utils.background_jobs.execute_job(event=None, is_async=True, job_name='frappe.core.doctype.scheduled_job_type.scheduled_job_type.run_scheduled_jo..., kwargs={'job_type': 'frappe.integrations.doctype.google_calendar.google_calendar.s..., method='frappe.core.doctype.scheduled_job_type.scheduled_job_type.run_scheduled_jo..., site='invoice.local', user='Administrator') (invoice.local::scheduled_job::frappe.integrations.doctype.google_calendar.google_calendar.sync)
2025-06-12 20:53:00,729 home-ngr-invoice-bench:default: Job OK (invoice.local::scheduled_job::frappe.integrations.doctype.google_calendar.google_calendar.sync)
2025-06-12 20:53:00,729 Result is kept for 600 seconds
2025-06-12 20:56:00,066 home-ngr-invoice-bench:default: frappe.utils.background_jobs.execute_job(event=None, is_async=True, job_name='frappe.core.doctype.scheduled_job_type.scheduled_job_type.run_scheduled_jo..., kwargs={'job_type': 'frappe.email.queue.flush'}, method='frappe.core.doctype.scheduled_job_type.scheduled_job_type.run_scheduled_jo..., site='invoice.local', user='Administrator') (invoice.local::scheduled_job::frappe.email.queue.flush)
2025-06-12 20:56:00,327 home-ngr-invoice-bench:default: Job OK (invoice.local::scheduled_job::frappe.email.queue.flush)
2025-06-12 20:56:00,328 Result is kept for 600 seconds
2025-06-12 20:56:00,341 home-ngr-invoice-bench:default: frappe.utils.background_jobs.execute_job(event=None, is_async=True, job_name='frappe.core.doctype.scheduled_job_type.scheduled_job_type.run_scheduled_jo..., kwargs={'job_type': 'frappe.integrations.doctype.google_calendar.google_calendar.s..., method='frappe.core.doctype.scheduled_job_type.scheduled_job_type.run_scheduled_jo..., site='invoice.local', user='Administrator') (invoice.local::scheduled_job::frappe.integrations.doctype.google_calendar.google_calendar.sync)
2025-06-12 20:56:00,659 home-ngr-invoice-bench:default: Job OK (invoice.local::scheduled_job::frappe.integrations.doctype.google_calendar.google_calendar.sync)
2025-06-12 20:56:00,659 Result is kept for 600 seconds
2025-06-12 20:56:00,665 home-ngr-invoice-bench:default: frappe.utils.background_jobs.execute_job(event=None, is_async=True, job_name='frappe.core.doctype.scheduled_job_type.scheduled_job_type.run_scheduled_jo..., kwargs={'job_type': 'frappe.monitor.flush'}, method='frappe.core.doctype.scheduled_job_type.scheduled_job_type.run_scheduled_jo..., site='invoice.local', user='Administrator') (invoice.local::scheduled_job::frappe.monitor.flush)
2025-06-12 20:56:00,871 home-ngr-invoice-bench:default: Job OK (invoice.local::scheduled_job::frappe.monitor.flush)
2025-06-12 20:56:00,871 Result is kept for 600 seconds
2025-06-12 21:00:00,541 home-ngr-invoice-bench:default: frappe.utils.background_jobs.execute_job(event=None, is_async=True, job_name='frappe.core.doctype.scheduled_job_type.scheduled_job_type.run_scheduled_jo..., kwargs={'job_type': 'erpnext.projects.doctype.project.project.hourly_reminder'}, method='frappe.core.doctype.scheduled_job_type.scheduled_job_type.run_scheduled_jo..., site='invoice.local', user='Administrator') (invoice.local::scheduled_job::erpnext.projects.doctype.project.project.hourly_reminder)
2025-06-12 21:00:00,944 home-ngr-invoice-bench:default: Job OK (invoice.local::scheduled_job::erpnext.projects.doctype.project.project.hourly_reminder)
2025-06-12 21:00:00,944 Result is kept for 600 seconds
2025-06-12 21:00:00,950 home-ngr-invoice-bench:default: frappe.utils.background_jobs.execute_job(event=None, is_async=True, job_name='frappe.core.doctype.scheduled_job_type.scheduled_job_type.run_scheduled_jo..., kwargs={'job_type': 'frappe.deferred_insert.save_to_db'}, method='frappe.core.doctype.scheduled_job_type.scheduled_job_type.run_scheduled_jo..., site='invoice.local', user='Administrator') (invoice.local::scheduled_job::frappe.deferred_insert.save_to_db)
2025-06-12 21:00:01,218 home-ngr-invoice-bench:default: Job OK (invoice.local::scheduled_job::frappe.deferred_insert.save_to_db)
2025-06-12 21:00:01,219 Result is kept for 600 seconds
2025-06-12 21:00:01,238 home-ngr-invoice-bench:default: frappe.utils.background_jobs.execute_job(event=None, is_async=True, job_name='frappe.core.doctype.scheduled_job_type.scheduled_job_type.run_scheduled_jo..., kwargs={'job_type': 'frappe.automation.doctype.reminder.reminder.send_reminders'}, method='frappe.core.doctype.scheduled_job_type.scheduled_job_type.run_scheduled_jo..., site='invoice.local', user='Administrator') (invoice.local::scheduled_job::frappe.automation.doctype.reminder.reminder.send_reminders)
2025-06-12 21:00:01,473 home-ngr-invoice-bench:default: Job OK (invoice.local::scheduled_job::frappe.automation.doctype.reminder.reminder.send_reminders)
2025-06-12 21:00:01,473 Result is kept for 600 seconds
2025-06-12 21:00:01,479 home-ngr-invoice-bench:default: frappe.utils.background_jobs.execute_job(event=None, is_async=True, job_name='frappe.core.doctype.scheduled_job_type.scheduled_job_type.run_scheduled_jo..., kwargs={'job_type': 'erpnext.utilities.doctype.video.video.update_youtube_data'}, method='frappe.core.doctype.scheduled_job_type.scheduled_job_type.run_scheduled_jo..., site='invoice.local', user='Administrator') (invoice.local::scheduled_job::erpnext.utilities.doctype.video.video.update_youtube_data)
2025-06-12 21:00:01,799 home-ngr-invoice-bench:default: Job OK (invoice.local::scheduled_job::erpnext.utilities.doctype.video.video.update_youtube_data)
2025-06-12 21:00:01,799 Result is kept for 600 seconds
2025-06-12 21:00:01,806 home-ngr-invoice-bench:default: frappe.utils.background_jobs.execute_job(event=None, is_async=True, job_name='frappe.core.doctype.scheduled_job_type.scheduled_job_type.run_scheduled_jo..., kwargs={'job_type': 'erpnext.erpnext_integrations.doctype.plaid_settings.plaid_set..., method='frappe.core.doctype.scheduled_job_type.scheduled_job_type.run_scheduled_jo..., site='invoice.local', user='Administrator') (invoice.local::scheduled_job::erpnext.erpnext_integrations.doctype.plaid_settings.plaid_settings.automatic_synchronization)
2025-06-12 21:00:02,020 home-ngr-invoice-bench:default: Job OK (invoice.local::scheduled_job::erpnext.erpnext_integrations.doctype.plaid_settings.plaid_settings.automatic_synchronization)
2025-06-12 21:00:02,020 Result is kept for 600 seconds
2025-06-12 21:00:02,025 home-ngr-invoice-bench:default: frappe.utils.background_jobs.execute_job(event=None, is_async=True, job_name='frappe.core.doctype.scheduled_job_type.scheduled_job_type.run_scheduled_jo..., kwargs={'job_type': 'frappe.utils.global_search.sync_global_search'}, method='frappe.core.doctype.scheduled_job_type.scheduled_job_type.run_scheduled_jo..., site='invoice.local', user='Administrator') (invoice.local::scheduled_job::frappe.utils.global_search.sync_global_search)
2025-06-12 21:00:02,229 home-ngr-invoice-bench:default: Job OK (invoice.local::scheduled_job::frappe.utils.global_search.sync_global_search)
2025-06-12 21:00:02,229 Result is kept for 600 seconds
2025-06-12 21:00:02,241 home-ngr-invoice-bench:default: frappe.utils.background_jobs.execute_job(event=None, is_async=True, job_name='frappe.core.doctype.scheduled_job_type.scheduled_job_type.run_scheduled_jo..., kwargs={'job_type': 'erpnext.projects.doctype.project.project.collect_project_stat..., method='frappe.core.doctype.scheduled_job_type.scheduled_job_type.run_scheduled_jo..., site='invoice.local', user='Administrator') (invoice.local::scheduled_job::erpnext.projects.doctype.project.project.collect_project_status)
2025-06-12 21:00:02,488 home-ngr-invoice-bench:default: Job OK (invoice.local::scheduled_job::erpnext.projects.doctype.project.project.collect_project_status)
2025-06-12 21:00:02,488 Result is kept for 600 seconds
2025-06-12 21:00:02,493 home-ngr-invoice-bench:default: frappe.utils.background_jobs.execute_job(event=None, is_async=True, job_name='frappe.core.doctype.scheduled_job_type.scheduled_job_type.run_scheduled_jo..., kwargs={'job_type': 'frappe.email.doctype.email_account.email_account.notify_unrep..., method='frappe.core.doctype.scheduled_job_type.scheduled_job_type.run_scheduled_jo..., site='invoice.local', user='Administrator') (invoice.local::scheduled_job::frappe.email.doctype.email_account.email_account.notify_unreplied)
2025-06-12 21:00:02,717 home-ngr-invoice-bench:default: Job OK (invoice.local::scheduled_job::frappe.email.doctype.email_account.email_account.notify_unreplied)
2025-06-12 21:00:02,718 Result is kept for 600 seconds
2025-06-12 21:00:02,723 home-ngr-invoice-bench:default: frappe.utils.background_jobs.execute_job(event=None, is_async=True, job_name='frappe.core.doctype.scheduled_job_type.scheduled_job_type.run_scheduled_jo..., kwargs={'job_type': 'erpnext.projects.doctype.project.project.project_status_updat..., method='frappe.core.doctype.scheduled_job_type.scheduled_job_type.run_scheduled_jo..., site='invoice.local', user='Administrator') (invoice.local::scheduled_job::erpnext.projects.doctype.project.project.project_status_update_reminder)
2025-06-12 21:00:02,949 home-ngr-invoice-bench:default: Job OK (invoice.local::scheduled_job::erpnext.projects.doctype.project.project.project_status_update_reminder)
2025-06-12 21:00:02,949 Result is kept for 600 seconds
2025-06-12 21:00:02,955 home-ngr-invoice-bench:default: frappe.utils.background_jobs.execute_job(event=None, is_async=True, job_name='frappe.core.doctype.scheduled_job_type.scheduled_job_type.run_scheduled_jo..., kwargs={'job_type': 'frappe.email.doctype.newsletter.newsletter.send_scheduled_ema..., method='frappe.core.doctype.scheduled_job_type.scheduled_job_type.run_scheduled_jo..., site='invoice.local', user='Administrator') (invoice.local::scheduled_job::frappe.email.doctype.newsletter.newsletter.send_scheduled_email)
2025-06-12 21:00:03,204 home-ngr-invoice-bench:default: Job OK (invoice.local::scheduled_job::frappe.email.doctype.newsletter.newsletter.send_scheduled_email)
2025-06-12 21:00:03,205 Result is kept for 600 seconds
2025-06-12 21:00:03,210 home-ngr-invoice-bench:default: frappe.utils.background_jobs.execute_job(event=None, is_async=True, job_name='frappe.core.doctype.scheduled_job_type.scheduled_job_type.run_scheduled_jo..., kwargs={'job_type': 'frappe.integrations.doctype.google_calendar.google_calendar.s..., method='frappe.core.doctype.scheduled_job_type.scheduled_job_type.run_scheduled_jo..., site='invoice.local', user='Administrator') (invoice.local::scheduled_job::frappe.integrations.doctype.google_calendar.google_calendar.sync)
2025-06-12 21:00:03,589 home-ngr-invoice-bench:default: Job OK (invoice.local::scheduled_job::frappe.integrations.doctype.google_calendar.google_calendar.sync)
2025-06-12 21:00:03,589 Result is kept for 600 seconds
2025-06-12 21:00:03,595 home-ngr-invoice-bench:default: frappe.utils.background_jobs.execute_job(event=None, is_async=True, job_name='frappe.core.doctype.scheduled_job_type.scheduled_job_type.run_scheduled_jo..., kwargs={'job_type': 'erpnext.manufacturing.doctype.bom_update_log.bom_update_log.r..., method='frappe.core.doctype.scheduled_job_type.scheduled_job_type.run_scheduled_jo..., site='invoice.local', user='Administrator') (invoice.local::scheduled_job::erpnext.manufacturing.doctype.bom_update_log.bom_update_log.resume_bom_cost_update_jobs)
2025-06-12 21:00:03,863 home-ngr-invoice-bench:default: Job OK (invoice.local::scheduled_job::erpnext.manufacturing.doctype.bom_update_log.bom_update_log.resume_bom_cost_update_jobs)
2025-06-12 21:00:03,863 Result is kept for 600 seconds
2025-06-12 21:00:03,870 home-ngr-invoice-bench:default: frappe.utils.background_jobs.execute_job(event=None, is_async=True, job_name='frappe.core.doctype.scheduled_job_type.scheduled_job_type.run_scheduled_jo..., kwargs={'job_type': 'frappe.model.utils.link_count.update_link_count'}, method='frappe.core.doctype.scheduled_job_type.scheduled_job_type.run_scheduled_jo..., site='invoice.local', user='Administrator') (invoice.local::scheduled_job::frappe.model.utils.link_count.update_link_count)
2025-06-12 21:00:04,049 home-ngr-invoice-bench:default: Job OK (invoice.local::scheduled_job::frappe.model.utils.link_count.update_link_count)
2025-06-12 21:00:04,049 Result is kept for 600 seconds
2025-06-12 21:00:04,054 home-ngr-invoice-bench:default: frappe.utils.background_jobs.execute_job(event=None, is_async=True, job_name='frappe.core.doctype.scheduled_job_type.scheduled_job_type.run_scheduled_jo..., kwargs={'job_type': 'frappe.monitor.flush'}, method='frappe.core.doctype.scheduled_job_type.scheduled_job_type.run_scheduled_jo..., site='invoice.local', user='Administrator') (invoice.local::scheduled_job::frappe.monitor.flush)
2025-06-12 21:00:04,211 home-ngr-invoice-bench:default: Job OK (invoice.local::scheduled_job::frappe.monitor.flush)
2025-06-12 21:00:04,211 Result is kept for 600 seconds
2025-06-12 21:00:04,216 home-ngr-invoice-bench:default: frappe.utils.background_jobs.execute_job(event=None, is_async=True, job_name='frappe.core.doctype.scheduled_job_type.scheduled_job_type.run_scheduled_jo..., kwargs={'job_type': 'frappe.email.doctype.email_account.email_account.pull'}, method='frappe.core.doctype.scheduled_job_type.scheduled_job_type.run_scheduled_jo..., site='invoice.local', user='Administrator') (invoice.local::scheduled_job::frappe.email.doctype.email_account.email_account.pull)
2025-06-12 21:00:04,407 home-ngr-invoice-bench:default: Job OK (invoice.local::scheduled_job::frappe.email.doctype.email_account.email_account.pull)
2025-06-12 21:00:04,407 Result is kept for 600 seconds
2025-06-12 21:00:04,412 home-ngr-invoice-bench:default: frappe.utils.background_jobs.execute_job(event=None, is_async=True, job_name='frappe.core.doctype.scheduled_job_type.scheduled_job_type.run_scheduled_jo..., kwargs={'job_type': 'frappe.email.queue.flush'}, method='frappe.core.doctype.scheduled_job_type.scheduled_job_type.run_scheduled_jo..., site='invoice.local', user='Administrator') (invoice.local::scheduled_job::frappe.email.queue.flush)
2025-06-12 21:00:04,671 home-ngr-invoice-bench:default: Job OK (invoice.local::scheduled_job::frappe.email.queue.flush)
2025-06-12 21:00:04,672 Result is kept for 600 seconds
2025-06-12 21:00:04,678 home-ngr-invoice-bench:long: frappe.utils.background_jobs.execute_job(event=None, is_async=True, job_name='frappe.core.doctype.scheduled_job_type.scheduled_job_type.run_scheduled_jo..., kwargs={'job_type': 'erpnext.stock.doctype.repost_item_valuation.repost_item_valua..., method='frappe.core.doctype.scheduled_job_type.scheduled_job_type.run_scheduled_jo..., site='invoice.local', user='Administrator') (invoice.local::scheduled_job::erpnext.stock.doctype.repost_item_valuation.repost_item_valuation.repost_entries)
2025-06-12 21:00:04,909 home-ngr-invoice-bench:long: Job OK (invoice.local::scheduled_job::erpnext.stock.doctype.repost_item_valuation.repost_item_valuation.repost_entries)
2025-06-12 21:00:04,909 Result is kept for 600 seconds
2025-06-12 21:00:04,914 home-ngr-invoice-bench:long: frappe.utils.background_jobs.execute_job(event=None, is_async=True, job_name='frappe.core.doctype.scheduled_job_type.scheduled_job_type.run_scheduled_jo..., kwargs={'job_type': 'frappe.oauth.delete_oauth2_data'}, method='frappe.core.doctype.scheduled_job_type.scheduled_job_type.run_scheduled_jo..., site='invoice.local', user='Administrator') (invoice.local::scheduled_job::frappe.oauth.delete_oauth2_data)
2025-06-12 21:00:05,105 home-ngr-invoice-bench:long: Job OK (invoice.local::scheduled_job::frappe.oauth.delete_oauth2_data)
2025-06-12 21:00:05,105 Result is kept for 600 seconds
2025-06-12 21:00:05,110 home-ngr-invoice-bench:long: frappe.utils.background_jobs.execute_job(event=None, is_async=True, job_name='frappe.core.doctype.scheduled_job_type.scheduled_job_type.run_scheduled_jo..., kwargs={'job_type': 'frappe.desk.page.backups.backups.delete_downloadable_backups'..., method='frappe.core.doctype.scheduled_job_type.scheduled_job_type.run_scheduled_jo..., site='invoice.local', user='Administrator') (invoice.local::scheduled_job::frappe.desk.page.backups.backups.delete_downloadable_backups)
2025-06-12 21:00:05,302 home-ngr-invoice-bench:long: Job OK (invoice.local::scheduled_job::frappe.desk.page.backups.backups.delete_downloadable_backups)
2025-06-12 21:00:05,303 Result is kept for 600 seconds
2025-06-12 21:00:05,308 home-ngr-invoice-bench:long: frappe.utils.background_jobs.execute_job(event=None, is_async=True, job_name='frappe.core.doctype.scheduled_job_type.scheduled_job_type.run_scheduled_jo..., kwargs={'job_type': 'frappe.core.doctype.prepared_report.prepared_report.expire_st..., method='frappe.core.doctype.scheduled_job_type.scheduled_job_type.run_scheduled_jo..., site='invoice.local', user='Administrator') (invoice.local::scheduled_job::frappe.core.doctype.prepared_report.prepared_report.expire_stalled_report)
2025-06-12 21:00:05,501 home-ngr-invoice-bench:long: Job OK (invoice.local::scheduled_job::frappe.core.doctype.prepared_report.prepared_report.expire_stalled_report)
2025-06-12 21:00:05,501 Result is kept for 600 seconds
2025-06-12 21:00:05,506 home-ngr-invoice-bench:long: frappe.utils.background_jobs.execute_job(event=None, is_async=True, job_name='frappe.core.doctype.scheduled_job_type.scheduled_job_type.run_scheduled_jo..., kwargs={'job_type': 'frappe.model.utils.user_settings.sync_user_settings'}, method='frappe.core.doctype.scheduled_job_type.scheduled_job_type.run_scheduled_jo..., site='invoice.local', user='Administrator') (invoice.local::scheduled_job::frappe.model.utils.user_settings.sync_user_settings)
2025-06-12 21:00:05,725 home-ngr-invoice-bench:long: Job OK (invoice.local::scheduled_job::frappe.model.utils.user_settings.sync_user_settings)
2025-06-12 21:00:05,725 Result is kept for 600 seconds
2025-06-12 21:00:05,730 home-ngr-invoice-bench:long: frappe.utils.background_jobs.execute_job(event=None, is_async=True, job_name='frappe.core.doctype.scheduled_job_type.scheduled_job_type.run_scheduled_jo..., kwargs={'job_type': 'frappe.twofactor.delete_all_barcodes_for_users'}, method='frappe.core.doctype.scheduled_job_type.scheduled_job_type.run_scheduled_jo..., site='invoice.local', user='Administrator') (invoice.local::scheduled_job::frappe.twofactor.delete_all_barcodes_for_users)
2025-06-12 21:00:05,912 home-ngr-invoice-bench:long: Job OK (invoice.local::scheduled_job::frappe.twofactor.delete_all_barcodes_for_users)
2025-06-12 21:00:05,912 Result is kept for 600 seconds
2025-06-12 21:00:05,917 home-ngr-invoice-bench:long: frappe.utils.background_jobs.execute_job(event=None, is_async=True, job_name='frappe.core.doctype.scheduled_job_type.scheduled_job_type.run_scheduled_jo..., kwargs={'job_type': 'frappe.desk.form.document_follow.send_hourly_updates'}, method='frappe.core.doctype.scheduled_job_type.scheduled_job_type.run_scheduled_jo..., site='invoice.local', user='Administrator') (invoice.local::scheduled_job::frappe.desk.form.document_follow.send_hourly_updates)
2025-06-12 21:00:06,099 home-ngr-invoice-bench:long: Job OK (invoice.local::scheduled_job::frappe.desk.form.document_follow.send_hourly_updates)
2025-06-12 21:00:06,100 Result is kept for 600 seconds
2025-06-12 21:00:06,105 home-ngr-invoice-bench:long: frappe.utils.background_jobs.execute_job(event=None, is_async=True, job_name='frappe.core.doctype.scheduled_job_type.scheduled_job_type.run_scheduled_jo..., kwargs={'job_type': 'erpnext.utilities.bulk_transaction.retry'}, method='frappe.core.doctype.scheduled_job_type.scheduled_job_type.run_scheduled_jo..., site='invoice.local', user='Administrator') (invoice.local::scheduled_job::erpnext.utilities.bulk_transaction.retry)
2025-06-12 21:00:06,339 home-ngr-invoice-bench:long: Job OK (invoice.local::scheduled_job::erpnext.utilities.bulk_transaction.retry)
2025-06-12 21:00:06,340 Result is kept for 600 seconds
2025-06-12 21:00:06,344 home-ngr-invoice-bench:long: frappe.utils.background_jobs.execute_job(event=None, is_async=True, job_name='frappe.core.doctype.scheduled_job_type.scheduled_job_type.run_scheduled_jo..., kwargs={'job_type': 'frappe.website.doctype.web_page.web_page.check_publish_status..., method='frappe.core.doctype.scheduled_job_type.scheduled_job_type.run_scheduled_jo..., site='invoice.local', user='Administrator') (invoice.local::scheduled_job::frappe.website.doctype.web_page.web_page.check_publish_status)
2025-06-12 21:00:06,577 home-ngr-invoice-bench:long: Job OK (invoice.local::scheduled_job::frappe.website.doctype.web_page.web_page.check_publish_status)
2025-06-12 21:00:06,577 Result is kept for 600 seconds
2025-06-12 21:00:06,583 home-ngr-invoice-bench:long: frappe.utils.background_jobs.execute_job(event=None, is_async=True, job_name='frappe.core.doctype.scheduled_job_type.scheduled_job_type.run_scheduled_jo..., kwargs={'job_type': 'frappe.website.doctype.personal_data_deletion_request.persona..., method='frappe.core.doctype.scheduled_job_type.scheduled_job_type.run_scheduled_jo..., site='invoice.local', user='Administrator') (invoice.local::scheduled_job::frappe.website.doctype.personal_data_deletion_request.personal_data_deletion_request.process_data_deletion_request)
2025-06-12 21:00:06,799 home-ngr-invoice-bench:long: Job OK (invoice.local::scheduled_job::frappe.website.doctype.personal_data_deletion_request.personal_data_deletion_request.process_data_deletion_request)
2025-06-12 21:00:06,799 Result is kept for 600 seconds
